<?xml version="1.0" encoding="UTF-8"?>
<testng-results ignored="0" total="1" passed="1" failed="0" skipped="0">
  <reporter-output>
  </reporter-output>
  <suite started-at="2022-03-30T05:22:16 UTC" name="Default suite" finished-at="2022-03-30T05:22:22 UTC" duration-ms="6242">
    <groups>
    </groups>
    <test started-at="2022-03-30T05:22:16 UTC" name="Default test" finished-at="2022-03-30T05:22:22 UTC" duration-ms="6242">
      <class name="sonar_test.NewTest">
        <test-method is-config="true" signature="beforeMethod()[pri:0, instance:sonar_test.NewTest@5f683daf]" started-at="2022-03-30T05:22:16 UTC" name="beforeMethod" finished-at="2022-03-30T05:22:16 UTC" duration-ms="5" status="PASS">
          <reporter-output>
          </reporter-output>
        </test-method> <!-- beforeMethod -->
        <test-method signature="f()[pri:0, instance:sonar_test.NewTest@5f683daf]" started-at="2022-03-30T05:22:16 UTC" name="f" finished-at="2022-03-30T05:22:19 UTC" duration-ms="3017" status="PASS">
          <reporter-output>
          </reporter-output>
        </test-method> <!-- f -->
        <test-method is-config="true" signature="afterMethod()[pri:0, instance:sonar_test.NewTest@5f683daf]" started-at="2022-03-30T05:22:19 UTC" name="afterMethod" finished-at="2022-03-30T05:22:22 UTC" duration-ms="3170" status="PASS">
          <reporter-output>
          </reporter-output>
        </test-method> <!-- afterMethod -->
      </class> <!-- sonar_test.NewTest -->
    </test> <!-- Default test -->
  </suite> <!-- Default suite -->
</testng-results>
